<?xml version='1.0' encoding='UTF-8'?>
<testsuite hostname="Yuanfeis-MacBook-Pro.local" name="edu.gatech.cse6250.clustering.PowerIterationClusteringTest" tests="1" errors="0" failures="0" skipped="0" time="9.225">
                     <properties>
[...]
</properties>
                     <testcase classname="edu.gatech.cse6250.clustering.PowerIterationClusteringTest" name="runPIC should return expected values" time="9.225">
                                                 
                                               </testcase>
                     <system-out><![CDATA[]]></system-out>
                     <system-err><![CDATA[]]></system-err>
                   </testsuite>